# JRE version: OpenJDK Runtime Environment Corretto-11.0.17.8.1 (11.0.17+8) (build 11.0.17+8-LTS)
# Java VM: OpenJDK 64-Bit Server VM Corretto-11.0.17.8.1 (11.0.17+8-LTS, mixed mode, tiered, compressed oops, g1 gc, windows-amd64)
Heap:
 garbage-first heap   total 154624K, used 129977K [0x0000000081c00000, 0x0000000100000000)
  region size 1024K, 74 young (75776K), 10 survivors (10240K)
 Metaspace       used 32099K, capacity 32711K, committed 32944K, reserved 1079296K
  class space    used 3346K, capacity 3565K, committed 3584K, reserved 1048576K
GC Heap History (11 events):
Event: 3.604 GC heap before
{Heap before GC invocations=0 (full 0):
 garbage-first heap   total 131072K, used 14336K [0x0000000081c00000, 0x0000000100000000)
  region size 1024K, 14 young (14336K), 0 survivors (0K)
 Metaspace       used 11424K, capacity 11621K, committed 11648K, reserved 1060864K
  class space    used 1050K, capacity 1131K, committed 1152K, reserved 1048576K
}
Event: 3.740 GC heap after
{Heap after GC invocations=1 (full 0):
 garbage-first heap   total 131072K, used 3312K [0x0000000081c00000, 0x0000000100000000)
  region size 1024K, 2 young (2048K), 2 survivors (2048K)
 Metaspace       used 11424K, capacity 11621K, committed 11648K, reserved 1060864K
  class space    used 1050K, capacity 1131K, committed 1152K, reserved 1048576K
}
Event: 4.392 GC heap before
{Heap before GC invocations=1 (full 0):
 garbage-first heap   total 131072K, used 10480K [0x0000000081c00000, 0x0000000100000000)
  region size 1024K, 9 young (9216K), 2 survivors (2048K)
 Metaspace       used 13242K, capacity 13553K, committed 13696K, reserved 1060864K
  class space    used 1290K, capacity 1391K, committed 1408K, reserved 1048576K
}
Event: 4.399 GC heap after
{Heap after GC invocations=2 (full 0):
 garbage-first heap   total 131072K, used 3840K [0x0000000081c00000, 0x0000000100000000)
  region size 1024K, 1 young (1024K), 1 survivors (1024K)
 Metaspace       used 13242K, capacity 13553K, committed 13696K, reserved 1060864K
  class space    used 1290K, capacity 1391K, committed 1408K, reserved 1048576K
}
Event: 5.684 GC heap before
{Heap before GC invocations=2 (full 0):
 garbage-first heap   total 131072K, used 27392K [0x0000000081c00000, 0x0000000100000000)
  region size 1024K, 25 young (25600K), 1 survivors (1024K)
 Metaspace       used 15587K, capacity 15840K, committed 16000K, reserved 1062912K
  class space    used 1581K, capacity 1658K, committed 1664K, reserved 1048576K
}
Event: 5.688 GC heap after
{Heap after GC invocations=3 (full 0):
 garbage-first heap   total 131072K, used 4683K [0x0000000081c00000, 0x0000000100000000)
  region size 1024K, 2 young (2048K), 2 survivors (2048K)
 Metaspace       used 15587K, capacity 15840K, committed 16000K, reserved 1062912K
  class space    used 1581K, capacity 1658K, committed 1664K, reserved 1048576K
}
Event: 9.749 GC heap before
{Heap before GC invocations=3 (full 0):
 garbage-first heap   total 131072K, used 38475K [0x0000000081c00000, 0x0000000100000000)
  region size 1024K, 36 young (36864K), 2 survivors (2048K)
 Metaspace       used 20839K, capacity 21134K, committed 21296K, reserved 1069056K
  class space    used 2182K, capacity 2322K, committed 2432K, reserved 1048576K
}
Event: 9.774 GC heap after
{Heap after GC invocations=4 (full 0):
 garbage-first heap   total 131072K, used 7467K [0x0000000081c00000, 0x0000000100000000)
  region size 1024K, 4 young (4096K), 4 survivors (4096K)
 Metaspace       used 20839K, capacity 21134K, committed 21296K, reserved 1069056K
  class space    used 2182K, capacity 2322K, committed 2432K, reserved 1048576K
}
Event: 17.418 GC heap before
{Heap before GC invocations=5 (full 0):
 garbage-first heap   total 131072K, used 81195K [0x0000000081c00000, 0x0000000100000000)
  region size 1024K, 76 young (77824K), 4 survivors (4096K)
 Metaspace       used 22365K, capacity 22763K, committed 23088K, reserved 1071104K
  class space    used 2257K, capacity 2369K, committed 2432K, reserved 1048576K
}
Event: 17.439 GC heap after
{Heap after GC invocations=6 (full 0):
 garbage-first heap   total 131072K, used 12217K [0x0000000081c00000, 0x0000000100000000)
  region size 1024K, 9 young (9216K), 9 survivors (9216K)
 Metaspace       used 22365K, capacity 22763K, committed 23088K, reserved 1071104K
  class space    used 2257K, capacity 2369K, committed 2432K, reserved 1048576K
}
Event: 27.772 GC heap before
{Heap before GC invocations=6 (full 0):
 garbage-first heap   total 131072K, used 128953K [0x0000000081c00000, 0x0000000100000000)
  region size 1024K, 73 young (74752K), 9 survivors (9216K)
 Metaspace       used 32099K, capacity 32711K, committed 32944K, reserved 1079296K
  class space    used 3346K, capacity 3565K, committed 3584K, reserved 1048576K
}

